<?xml version="1.0" encoding="UTF-8"?>
<!-- Generated by org.testng.reporters.JUnitReportReporter -->
<testsuite hostname="SantoshMolkire" name="seleniumAlltests.MouseMoveMomentUsngActions" tests="1" failures="0" timestamp="10 Feb 2019 07:30:55 GMT" time="12.051" errors="0">
  <testcase name="mouseMovement" time="12.051" classname="seleniumAlltests.MouseMoveMomentUsngActions"/>
</testsuite> <!-- seleniumAlltests.MouseMoveMomentUsngActions -->
