<?xml version="1.0" encoding="UTF-8"?>
<!-- Generated by org.testng.reporters.JUnitReportReporter -->
<testsuite hostname="SantoshMolkire" name="seleniumAlltests.DropDownHandling" tests="1" failures="0" timestamp="29 Jan 2019 13:18:39 GMT" time="13.295" errors="0">
  <testcase name="verifyFBBirthday" time="13.295" classname="seleniumAlltests.DropDownHandling"/>
</testsuite> <!-- seleniumAlltests.DropDownHandling -->
