<?xml version="1.0" encoding="UTF-8"?>
<!-- Generated by org.testng.reporters.JUnitReportReporter -->
<testsuite hostname="SantoshMolkire" name="seleniumAlltests.DragANdDRopJquery" tests="1" failures="0" timestamp="10 Feb 2019 07:50:22 GMT" time="11.111" errors="0">
  <testcase name="dragAndDrop" time="11.111" classname="seleniumAlltests.DragANdDRopJquery"/>
</testsuite> <!-- seleniumAlltests.DragANdDRopJquery -->
