<?xml version="1.0" encoding="UTF-8"?>
<!-- Generated by org.testng.reporters.JUnitReportReporter -->
<testsuite hostname="SantoshMolkire" name="seleniumAlltests.DropDown2" tests="1" failures="0" timestamp="19 Mar 2019 06:26:25 GMT" time="12.053" errors="0">
  <testcase name="dropDowntours" time="12.053" classname="seleniumAlltests.DropDown2"/>
</testsuite> <!-- seleniumAlltests.DropDown2 -->
