<?xml version="1.0" encoding="UTF-8"?>
<!-- Generated by org.testng.reporters.JUnitReportReporter -->
<testsuite hostname="SantoshMolkire" name="seleniumAlltests.FindEls" tests="1" failures="0" timestamp="28 Mar 2019 03:55:05 GMT" time="10.782" errors="0">
  <testcase name="clickOnRadioBtn" time="10.782" classname="seleniumAlltests.FindEls"/>
</testsuite> <!-- seleniumAlltests.FindEls -->
