<?xml version="1.0" encoding="UTF-8"?>
<!-- Generated by org.testng.reporters.JUnitReportReporter -->
<testsuite hostname="SantoshMolkire" name="seleniumAlltests.ActionKeys" tests="1" failures="0" timestamp="28 Mar 2019 05:00:09 GMT" time="23.984" errors="0">
  <testcase name="keyMovement" time="23.984" classname="seleniumAlltests.ActionKeys"/>
</testsuite> <!-- seleniumAlltests.ActionKeys -->
