<?xml version="1.0" encoding="UTF-8"?>
<!-- Generated by org.testng.reporters.JUnitReportReporter -->
<testsuite hostname="SantoshMolkire" name="seleniumAlltests.FrameHandling" tests="1" failures="0" timestamp="10 Feb 2019 06:33:54 GMT" time="16.434" errors="0">
  <testcase name="verifyFreeCrmFrame" time="16.434" classname="seleniumAlltests.FrameHandling"/>
</testsuite> <!-- seleniumAlltests.FrameHandling -->
