<?xml version="1.0" encoding="UTF-8"?>
<!-- Generated by org.testng.reporters.JUnitReportReporter -->
<testsuite hostname="SantoshMolkire" name="seleniumAlltests.Guru99Test" tests="2" failures="0" timestamp="8 Apr 2019 08:58:58 GMT" time="28.276" errors="0">
  <testcase name="Login" time="28.269" classname="seleniumAlltests.Guru99Test"/>
  <testcase name="TestToFail" time="0.007" classname="seleniumAlltests.Guru99Test"/>
</testsuite> <!-- seleniumAlltests.Guru99Test -->
