<?xml version="1.0" encoding="UTF-8"?>
<!-- Generated by org.testng.reporters.JUnitReportReporter -->
<testsuite hostname="SantoshMolkire" name="seleniumAlltests.ImgHandle" tests="1" failures="0" timestamp="19 Mar 2019 05:57:52 GMT" time="26.781" errors="0">
  <testcase name="imageHandle" time="26.781" classname="seleniumAlltests.ImgHandle"/>
</testsuite> <!-- seleniumAlltests.ImgHandle -->
